<?xml version="1.0" encoding="UTF-8"?>
<testsuite xmlns:xsi="http://www.w3.org/2001/XMLSchema-instance" xsi:noNamespaceSchemaLocation="https://maven.apache.org/surefire/maven-surefire-plugin/xsd/surefire-test-report.xsd" name="com.in28minutes.unittesting.unittesting.controller.HelloWorldControllerTest" time="0.787" tests="1" errors="0" skipped="0" failures="1">
  <properties>
[...]
</properties>
  <testcase name="helloWorld_basic" classname="com.in28minutes.unittesting.unittesting.controller.HelloWorldControllerTest" time="0.122">
    <failure message="Response content expected:&lt;Hello World&gt; but was:&lt;Hello World b,mhk,&gt;" type="java.lang.AssertionError"><![CDATA[java.lang.AssertionError: Response content expected:<Hello World> but was:<Hello World b,mhk,>
	at com.in28minutes.unittesting.unittesting.controller.HelloWorldControllerTest.helloWorld_basic(HelloWorldControllerTest.java:31)
]]></failure>
    <system-out><![CDATA[2020-07-18 21:34:09.127  INFO 6515 --- [           main] .b.t.a.w.s.WebMvcTestContextBootstrapper : Neither @ContextConfiguration nor @ContextHierarchy found for test class [com.in28minutes.unittesting.unittesting.controller.HelloWorldControllerTest], using SpringBootContextLoader
2020-07-18 21:34:09.128  INFO 6515 --- [           main] o.s.t.c.support.AbstractContextLoader    : Could not detect default resource locations for test class [com.in28minutes.unittesting.unittesting.controller.HelloWorldControllerTest]: no resource found for suffixes {-context.xml, Context.groovy}.
2020-07-18 21:34:09.128  INFO 6515 --- [           main] t.c.s.AnnotationConfigContextLoaderUtils : Could not detect default configuration classes for test class [com.in28minutes.unittesting.unittesting.controller.HelloWorldControllerTest]: HelloWorldControllerTest does not declare any static, non-private, non-final, nested classes annotated with @Configuration.
2020-07-18 21:34:09.166  INFO 6515 --- [           main] .b.t.c.SpringBootTestContextBootstrapper : Found @SpringBootConfiguration com.in28minutes.unittesting.unittesting.UnitTestingApplication for test class com.in28minutes.unittesting.unittesting.controller.HelloWorldControllerTest
2020-07-18 21:34:09.167  INFO 6515 --- [           main] .b.t.a.w.s.WebMvcTestContextBootstrapper : Loaded default TestExecutionListener class names from location [META-INF/spring.factories]: [org.springframework.boot.test.mock.mockito.MockitoTestExecutionListener, org.springframework.boot.test.mock.mockito.ResetMocksTestExecutionListener, org.springframework.boot.test.autoconfigure.restdocs.RestDocsTestExecutionListener, org.springframework.boot.test.autoconfigure.web.client.MockRestServiceServerResetTestExecutionListener, org.springframework.boot.test.autoconfigure.web.servlet.MockMvcPrintOnlyOnFailureTestExecutionListener, org.springframework.boot.test.autoconfigure.web.servlet.WebDriverTestExecutionListener, org.springframework.boot.test.autoconfigure.webservices.client.MockWebServiceServerTestExecutionListener, org.springframework.test.context.web.ServletTestExecutionListener, org.springframework.test.context.support.DirtiesContextBeforeModesTestExecutionListener, org.springframework.test.context.support.DependencyInjectionTestExecutionListener, org.springframework.test.context.support.DirtiesContextTestExecutionListener, org.springframework.test.context.transaction.TransactionalTestExecutionListener, org.springframework.test.context.jdbc.SqlScriptsTestExecutionListener, org.springframework.test.context.event.EventPublishingTestExecutionListener]
2020-07-18 21:34:09.168  INFO 6515 --- [           main] .b.t.a.w.s.WebMvcTestContextBootstrapper : Using TestExecutionListeners: [org.springframework.test.context.web.ServletTestExecutionListener@2ee92e7d, org.springframework.test.context.support.DirtiesContextBeforeModesTestExecutionListener@759a678a, org.springframework.boot.test.mock.mockito.MockitoTestExecutionListener@6cdbe5ec, org.springframework.boot.test.autoconfigure.SpringBootDependencyInjectionTestExecutionListener@14b8a751, org.springframework.test.context.support.DirtiesContextTestExecutionListener@7345f97d, org.springframework.test.context.transaction.TransactionalTestExecutionListener@554566a8, org.springframework.test.context.jdbc.SqlScriptsTestExecutionListener@66020d69, org.springframework.test.context.event.EventPublishingTestExecutionListener@3751acd7, org.springframework.boot.test.mock.mockito.ResetMocksTestExecutionListener@6b832551, org.springframework.boot.test.autoconfigure.restdocs.RestDocsTestExecutionListener@150d6eaf, org.springframework.boot.test.autoconfigure.web.client.MockRestServiceServerResetTestExecutionListener@63124022, org.springframework.boot.test.autoconfigure.web.servlet.MockMvcPrintOnlyOnFailureTestExecutionListener@591f6f83, org.springframework.boot.test.autoconfigure.web.servlet.WebDriverTestExecutionListener@2b44605c, org.springframework.boot.test.autoconfigure.webservices.client.MockWebServiceServerTestExecutionListener@55421b8d]

  .   ____          _            __ _ _
 /\\ / ___'_ __ _ _(_)_ __  __ _ \ \ \ \
( ( )\___ | '_ | '_| | '_ \/ _` | \ \ \ \
 \\/  ___)| |_)| | | | | || (_| |  ) ) ) )
  '  |____| .__|_| |_|_| |_\__, | / / / /
 =========|_|==============|___/=/_/_/_/
 :: Spring Boot ::        (v2.3.1.RELEASE)

2020-07-18 21:34:09.218  INFO 6515 --- [           main] c.i.u.u.c.HelloWorldControllerTest       : Starting HelloWorldControllerTest on sakshi with PID 6515 (started by knoldus in /home/knoldus/DevOps/spring-unit-testing-with-junit-and-mockito-master)
2020-07-18 21:34:09.220  INFO 6515 --- [           main] c.i.u.u.c.HelloWorldControllerTest       : No active profile set, falling back to default profiles: default
2020-07-18 21:34:09.614  INFO 6515 --- [           main] o.s.s.concurrent.ThreadPoolTaskExecutor  : Initializing ExecutorService 'applicationTaskExecutor'
2020-07-18 21:34:09.750  INFO 6515 --- [           main] o.s.b.t.m.w.SpringBootMockServletContext : Initializing Spring TestDispatcherServlet ''
2020-07-18 21:34:09.751  INFO 6515 --- [           main] o.s.t.web.servlet.TestDispatcherServlet  : Initializing Servlet ''
2020-07-18 21:34:09.765  INFO 6515 --- [           main] o.s.t.web.servlet.TestDispatcherServlet  : Completed initialization in 14 ms
2020-07-18 21:34:09.785  INFO 6515 --- [           main] c.i.u.u.c.HelloWorldControllerTest       : Started HelloWorldControllerTest in 0.613 seconds (JVM running for 6.896)

MockHttpServletRequest:
      HTTP Method = GET
      Request URI = /hello-world
       Parameters = {}
          Headers = [Accept:"application/json"]
             Body = <no character encoding set>
    Session Attrs = {}

Handler:
             Type = com.in28minutes.unittesting.unittesting.controller.HelloWorldController
           Method = com.in28minutes.unittesting.unittesting.controller.HelloWorldController#helloWorld()

Async:
    Async started = false
     Async result = null

Resolved Exception:
             Type = null

ModelAndView:
        View name = null
             View = null
            Model = null

FlashMap:
       Attributes = null

MockHttpServletResponse:
           Status = 200
    Error message = null
          Headers = [Content-Type:"application/json", Content-Length:"18"]
     Content type = application/json
             Body = Hello World b,mhk,
    Forwarded URL = null
   Redirected URL = null
          Cookies = []
]]></system-out>
  </testcase>
</testsuite>